\BOOKMARK [1][-]{section.1}{ChEn 541: Exam 1: Winter 2015}{}% 1
\BOOKMARK [1][-]{section.2}{Due Friday October 20, BEFORE 9:00 AM}{}% 2
\BOOKMARK [1][-]{section.3}{Problem 1}{}% 3
\BOOKMARK [2][-]{subsection.3.1}{Closed Book, Notes, Internet.}{section.3}% 4
\BOOKMARK [3][-]{subsubsection.3.1.1}{Part a}{subsection.3.1}% 5
\BOOKMARK [3][-]{subsubsection.3.1.2}{Part b}{subsection.3.1}% 6
\BOOKMARK [3][-]{subsubsection.3.1.3}{Part c}{subsection.3.1}% 7
\BOOKMARK [3][-]{subsubsection.3.1.4}{Part d}{subsection.3.1}% 8
\BOOKMARK [3][-]{subsubsection.3.1.5}{Part e}{subsection.3.1}% 9
\BOOKMARK [3][-]{subsubsection.3.1.6}{Part f}{subsection.3.1}% 10
\BOOKMARK [3][-]{subsubsection.3.1.7}{Part g}{subsection.3.1}% 11
\BOOKMARK [3][-]{subsubsection.3.1.8}{Part h}{subsection.3.1}% 12
\BOOKMARK [3][-]{subsubsection.3.1.9}{Part i}{subsection.3.1}% 13
\BOOKMARK [3][-]{subsubsection.3.1.10}{Part j}{subsection.3.1}% 14
\BOOKMARK [3][-]{subsubsection.3.1.11}{Part k}{subsection.3.1}% 15
\BOOKMARK [3][-]{subsubsection.3.1.12}{Part l}{subsection.3.1}% 16
\BOOKMARK [1][-]{section.4}{Problem 2}{}% 17
\BOOKMARK [2][-]{subsection.4.1}{Open book, open notes. Closed homework, homework solutions, and closed code examples. You may use the internet for Matlab and Python help only.}{section.4}% 18
\BOOKMARK [3][-]{subsubsection.4.1.1}{Part a}{subsection.4.1}% 19
\BOOKMARK [3][-]{subsubsection.4.1.2}{Part b}{subsection.4.1}% 20
