This is pdfTeX, Version 3.14159265-2.6-1.40.15 (TeX Live 2015/dev/Debian) (preloaded format=pdflatex 2015.4.27)  28 SEP 2015 16:15
entering extended mode
 restricted \write18 enabled.
 file:line:error style messages enabled.
 %&-line parsing enabled.
**Day5Notes.tex
(./Day5Notes.tex
LaTeX2e <2014/05/01>
Babel <3.9l> and hyphenation patterns for 79 languages loaded.
(/usr/share/texlive/texmf-dist/tex/latex/base/article.cls
Document Class: article 2014/09/29 v1.4h Standard LaTeX document class
(/usr/share/texlive/texmf-dist/tex/latex/base/size10.clo
File: size10.clo 2014/09/29 v1.4h Standard LaTeX file (size option)
)
\c@part=\count79
\c@section=\count80
\c@subsection=\count81
\c@subsubsection=\count82
\c@paragraph=\count83
\c@subparagraph=\count84
\c@figure=\count85
\c@table=\count86
\abovecaptionskip=\skip41
\belowcaptionskip=\skip42
\bibindent=\dimen102
)
(/usr/share/texlive/texmf-dist/tex/latex/siunitx/siunitx.sty
(/usr/share/texlive/texmf-dist/tex/latex/l3kernel/expl3.sty
Package: expl3 2014/09/15 v5423 L3 programming layer (loader) 

(/usr/share/texlive/texmf-dist/tex/latex/l3kernel/expl3-code.tex
Package: expl3 2014/09/15 v5423 L3 programming layer (code) 
L3 Module: l3bootstrap 2014/08/23 v5354 L3 Bootstrap code

(/usr/share/texlive/texmf-dist/tex/latex/etex-pkg/etex.sty
Package: etex 1998/03/26 v2.0 eTeX basic definition package (PEB)
\et@xins=\count87
)
L3 Module: l3names 2014/08/22 v5343 L3 Namespace for primitives
L3 Module: l3basics 2014/08/24 v5364 L3 Basic definitions
L3 Module: l3expan 2014/08/22 v5349 L3 Argument expansion
L3 Module: l3tl 2014/08/24 v5359 L3 Token lists
L3 Module: l3str 2014/08/24 v5368 L3 Strings
L3 Module: l3seq 2014/08/23 v5354 L3 Sequences and stacks
L3 Module: l3int 2014/09/14 v5421 L3 Integers
\c_max_int=\count88
\l_tmpa_int=\count89
\l_tmpb_int=\count90
\g_tmpa_int=\count91
\g_tmpb_int=\count92
L3 Module: l3quark 2014/08/23 v5354 L3 Quarks
L3 Module: l3prg 2014/08/23 v5354 L3 Control structures
\g__prg_map_int=\count93
L3 Module: l3clist 2014/08/23 v5354 L3 Comma separated lists
L3 Module: l3token 2014/09/15 v5422 L3 Experimental token manipulation
L3 Module: l3prop 2014/08/23 v5354 L3 Property lists
L3 Module: l3msg 2014/08/24 v5358 L3 Messages
L3 Module: l3file 2014/08/24 v5369 L3 File and I/O operations
\l_iow_line_count_int=\count94
\l__iow_target_count_int=\count95
\l__iow_current_line_int=\count96
\l__iow_current_word_int=\count97
\l__iow_current_indentation_int=\count98
L3 Module: l3skip 2014/08/23 v5354 L3 Dimensions and skips
\c_zero_dim=\dimen103
\c_max_dim=\dimen104
\l_tmpa_dim=\dimen105
\l_tmpb_dim=\dimen106
\g_tmpa_dim=\dimen107
\g_tmpb_dim=\dimen108
\c_zero_skip=\skip43
\c_max_skip=\skip44
\l_tmpa_skip=\skip45
\l_tmpb_skip=\skip46
\g_tmpa_skip=\skip47
\g_tmpb_skip=\skip48
\c_zero_muskip=\muskip10
\c_max_muskip=\muskip11
\l_tmpa_muskip=\muskip12
\l_tmpb_muskip=\muskip13
\g_tmpa_muskip=\muskip14
\g_tmpb_muskip=\muskip15
L3 Module: l3keys 2014/08/23 v5354 L3 Key-value interfaces
\g__keyval_level_int=\count99
\l_keys_choice_int=\count100
L3 Module: l3fp 2014/08/22 v5336 L3 Floating points
\c__fp_leading_shift_int=\count101
\c__fp_middle_shift_int=\count102
\c__fp_trailing_shift_int=\count103
\c__fp_big_leading_shift_int=\count104
\c__fp_big_middle_shift_int=\count105
\c__fp_big_trailing_shift_int=\count106
\c__fp_Bigg_leading_shift_int=\count107
\c__fp_Bigg_middle_shift_int=\count108
\c__fp_Bigg_trailing_shift_int=\count109
L3 Module: l3box 2014/08/23 v5354 L3 Experimental boxes
\c_empty_box=\box26
\l_tmpa_box=\box27
\l_tmpb_box=\box28
\g_tmpa_box=\box29
\g_tmpb_box=\box30
L3 Module: l3coffins 2014/08/23 v5354 L3 Coffin code layer
\l__coffin_internal_box=\box31
\l__coffin_internal_dim=\dimen109
\l__coffin_offset_x_dim=\dimen110
\l__coffin_offset_y_dim=\dimen111
\l__coffin_x_dim=\dimen112
\l__coffin_y_dim=\dimen113
\l__coffin_x_prime_dim=\dimen114
\l__coffin_y_prime_dim=\dimen115
\c_empty_coffin=\box32
\l__coffin_aligned_coffin=\box33
\l__coffin_aligned_internal_coffin=\box34
\l_tmpa_coffin=\box35
\l_tmpb_coffin=\box36
\l__coffin_display_coffin=\box37
\l__coffin_display_coord_coffin=\box38
\l__coffin_display_pole_coffin=\box39
\l__coffin_display_offset_dim=\dimen116
\l__coffin_display_x_dim=\dimen117
\l__coffin_display_y_dim=\dimen118
L3 Module: l3color 2014/08/23 v5354 L3 Experimental color support
L3 Module: l3candidates 2014/08/24 v5366 L3 Experimental additions to l3kernel
\l__box_top_dim=\dimen119
\l__box_bottom_dim=\dimen120
\l__box_left_dim=\dimen121
\l__box_right_dim=\dimen122
\l__box_top_new_dim=\dimen123
\l__box_bottom_new_dim=\dimen124
\l__box_left_new_dim=\dimen125
\l__box_right_new_dim=\dimen126
\l__box_internal_box=\box40
\l__coffin_bounding_shift_dim=\dimen127
\l__coffin_left_corner_dim=\dimen128
\l__coffin_right_corner_dim=\dimen129
\l__coffin_bottom_corner_dim=\dimen130
\l__coffin_top_corner_dim=\dimen131
\l__coffin_scaled_total_height_dim=\dimen132
\l__coffin_scaled_width_dim=\dimen133
)
(/usr/share/texlive/texmf-dist/tex/latex/l3kernel/l3unicode-data.def
File: l3unicode-data.def 2014/08/12 v5276 L3 Unicode data
)
(/usr/share/texlive/texmf-dist/tex/latex/l3kernel/l3pdfmode.def
File: l3pdfmode.def 2014/08/24 v5366 L3 Experimental driver: PDF mode
\l__driver_color_stack_int=\count110
))
(/usr/share/texlive/texmf-dist/tex/latex/l3packages/xparse/xparse.sty
Package: xparse 2014/09/15 v5423 L3 Experimental document command parser
\l__xparse_current_arg_int=\count111
\l__xparse_m_args_int=\count112
\l__xparse_mandatory_args_int=\count113
\l__xparse_processor_int=\count114
\l__xparse_v_nesting_int=\count115
)
Package: siunitx 2014/10/01 v2.6c A comprehensive (SI) units package

(/usr/share/texlive/texmf-dist/tex/latex/amsmath/amstext.sty
Package: amstext 2000/06/29 v2.01

(/usr/share/texlive/texmf-dist/tex/latex/amsmath/amsgen.sty
File: amsgen.sty 1999/11/30 v2.0
\@emptytoks=\toks14
\ex@=\dimen134
))
(/usr/share/texlive/texmf-dist/tex/latex/tools/array.sty
Package: array 2014/10/28 v2.4c Tabular extension package (FMi)
\col@sep=\dimen135
\extrarowheight=\dimen136
\NC@list=\toks15
\extratabsurround=\skip49
\backup@length=\skip50
)
(/usr/share/texlive/texmf-dist/tex/latex/l3packages/l3keys2e/l3keys2e.sty
Package: l3keys2e 2014/09/15 v5423 LaTeX2e option processing using LaTeX3 keys
)
Variant \tl_if_blank:VTF already defined; not changing it on line 50
\l__siunitx_tmp_box=\box41
\l__siunitx_tmp_dim=\dimen137
\l__siunitx_tmp_int=\count116
Variant \prop_get:NVNT already defined; not changing it on line 372
Variant \prop_get:NVNF already defined; not changing it on line 373
Variant \prop_get:NVNTF already defined; not changing it on line 374
\l__siunitx_number_mantissa_length_int=\count117
\l__siunitx_number_uncert_length_int=\count118
\l__siunitx_round_int=\count119
\l__siunitx_process_decimal_int=\count120
\l__siunitx_process_uncertainty_int=\count121
\l__siunitx_process_fixed_int=\count122
\l__siunitx_process_integer_min_int=\count123
\l__siunitx_process_precision_int=\count124
\l__siunitx_group_min_int=\count125
\l__siunitx_angle_marker_box=\box42
\l__siunitx_angle_unit_box=\box43
\l__siunitx_angle_marker_dim=\dimen138
\l__siunitx_angle_unit_dim=\dimen139
\l__siunitx_unit_int=\count126
\l__siunitx_unit_denominator_int=\count127
\l__siunitx_unit_numerator_int=\count128
\l__siunitx_unit_prefix_int=\count129
\l__siunitx_unit_prefix_base_int=\count130
\l__siunitx_unit_prefix_gram_int=\count131
\l__siunitx_number_product_int=\count132
\c__siunitx_one_fill_skip=\skip51
\l__siunitx_table_unit_align_skip=\skip52
\l__siunitx_table_exponent_dim=\dimen140
\l__siunitx_table_integer_dim=\dimen141
\l__siunitx_table_mantissa_dim=\dimen142
\l__siunitx_table_marker_dim=\dimen143
\l__siunitx_table_result_dim=\dimen144
\l__siunitx_table_uncert_dim=\dimen145
\l__siunitx_table_fill_pre_dim=\dimen146
\l__siunitx_table_fill_post_dim=\dimen147
\l__siunitx_table_fill_mid_dim=\dimen148
\l__siunitx_table_pre_box=\box44
\l__siunitx_table_post_box=\box45
\l__siunitx_table_mantissa_box=\box46
\l__siunitx_table_result_box=\box47
\l__siunitx_table_number_align_skip=\skip53
\l__siunitx_table_text_align_skip=\skip54
.................................................
. LaTeX info: "xparse/define-command"
. 
. Defining command \DeclareBinaryPrefix with sig. 'mmm' on line 7168.
.................................................
.................................................
. LaTeX info: "xparse/define-command"
. 
. Defining command \DeclareSIPostPower with sig. 'mm' on line 7171.
.................................................
.................................................
. LaTeX info: "xparse/define-command"
. 
. Defining command \DeclareSIPrefix with sig. 'mmm' on line 7174.
.................................................
.................................................
. LaTeX info: "xparse/define-command"
. 
. Defining command \DeclareSIPrePower with sig. 'mm' on line 7177.
.................................................
.................................................
. LaTeX info: "xparse/define-command"
. 
. Defining command \DeclareSIQualifier with sig. 'mm' on line 7180.
.................................................
.................................................
. LaTeX info: "xparse/define-command"
. 
. Defining command \DeclareSIUnit with sig. 'O{}mm' on line 7183.
.................................................
.................................................
. LaTeX info: "xparse/define-command"
. 
. Defining command \DeclareSIUnitWithOptions with sig. 'mmm' on line 7186.
.................................................
.................................................
. LaTeX info: "xparse/define-command"
. 
. Defining command \ang with sig. 'o>{\SplitArgument {2}{;}}m' on line 7201.
.................................................
.................................................
. LaTeX info: "xparse/define-command"
. 
. Defining command \num with sig. 'om' on line 7209.
.................................................
.................................................
. LaTeX info: "xparse/define-command"
. 
. Defining command \numlist with sig. 'o>{\SplitList {;}}m' on line 7217.
.................................................
.................................................
. LaTeX info: "xparse/define-command"
. 
. Defining command \numrange with sig. 'omm' on line 7225.
.................................................
.................................................
. LaTeX info: "xparse/define-command"
. 
. Defining command \SIlist with sig. 'o>{\SplitList {;}}mm' on line 7236.
.................................................
.................................................
. LaTeX info: "xparse/define-command"
. 
. Defining command \SIrange with sig. 'ommm' on line 7247.
.................................................
.................................................
. LaTeX info: "xparse/define-command"
. 
. Defining command \SI with sig. 'omom' on line 7258.
.................................................
.................................................
. LaTeX info: "xparse/define-command"
. 
. Defining command \sisetup with sig. 'm' on line 7261.
.................................................
.................................................
. LaTeX info: "xparse/define-command"
. 
. Defining command \tablenum with sig. 'om' on line 7273.
.................................................
.................................................
. LaTeX info: "xparse/define-command"
. 
. Defining command \si with sig. 'om' on line 7284.
.................................................
.................................................
. LaTeX info: "xparse/define-command"
. 
. Defining command \__siunitx_bookmark_num:w with sig. 'om' on line 7331.
.................................................
.................................................
. LaTeX info: "xparse/define-command"
. 
. Defining command \__siunitx_bookmark_numrange:w with sig. 'omm' on line
. 7333.
.................................................
.................................................
. LaTeX info: "xparse/define-command"
. 
. Defining command \__siunitx_bookmark_SI:w with sig. 'omom' on line 7335.
.................................................
.................................................
. LaTeX info: "xparse/define-command"
. 
. Defining command \__siunitx_bookmark_SIlist:w with sig. 'omm' on line 7337.
.................................................
.................................................
. LaTeX info: "xparse/define-command"
. 
. Defining command \__siunitx_bookmark_SIrange:w with sig. 'ommm' on line
. 7339.
.................................................
.................................................
. LaTeX info: "xparse/define-command"
. 
. Defining command \__siunitx_bookmark_si:w with sig. 'om' on line 7340.
.................................................
\g__file_internal_ior=\read1

(/usr/share/texlive/texmf-dist/tex/latex/beamer/translator/translator.sty
Package: translator 2010/06/12 ver 1.10

(/usr/share/texlive/texmf-dist/tex/latex/graphics/keyval.sty
Package: keyval 2014/05/08 v1.15 key=value parser (DPC)
\KV@toks@=\toks16
)
(/usr/share/texlive/texmf-dist/tex/latex/beamer/translator/translator-language-
mappings.tex))) (/usr/share/texlive/texmf-dist/tex/latex/amsfonts/amssymb.sty
Package: amssymb 2013/01/14 v3.01 AMS font symbols

(/usr/share/texlive/texmf-dist/tex/latex/amsfonts/amsfonts.sty
Package: amsfonts 2013/01/14 v3.01 Basic AMSFonts support
\symAMSa=\mathgroup4
\symAMSb=\mathgroup5
LaTeX Font Info:    Overwriting math alphabet `\mathfrak' in version `bold'
(Font)                  U/euf/m/n --> U/euf/b/n on input line 106.
))
(/usr/share/texlive/texmf-dist/tex/latex/amsmath/amsmath.sty
Package: amsmath 2013/01/14 v2.14 AMS math features
\@mathmargin=\skip55

For additional information on amsmath, use the `?' option.
(/usr/share/texlive/texmf-dist/tex/latex/amsmath/amsbsy.sty
Package: amsbsy 1999/11/29 v1.2d
\pmbraise@=\dimen149
)
(/usr/share/texlive/texmf-dist/tex/latex/amsmath/amsopn.sty
Package: amsopn 1999/12/14 v2.01 operator names
)
\inf@bad=\count133
LaTeX Info: Redefining \frac on input line 210.
\uproot@=\count134
\leftroot@=\count135
LaTeX Info: Redefining \overline on input line 306.
\classnum@=\count136
\DOTSCASE@=\count137
LaTeX Info: Redefining \ldots on input line 378.
LaTeX Info: Redefining \dots on input line 381.
LaTeX Info: Redefining \cdots on input line 466.
\Mathstrutbox@=\box48
\strutbox@=\box49
\big@size=\dimen150
LaTeX Font Info:    Redeclaring font encoding OML on input line 566.
LaTeX Font Info:    Redeclaring font encoding OMS on input line 567.
\macc@depth=\count138
\c@MaxMatrixCols=\count139
\dotsspace@=\muskip16
\c@parentequation=\count140
\dspbrk@lvl=\count141
\tag@help=\toks17
\row@=\count142
\column@=\count143
\maxfields@=\count144
\andhelp@=\toks18
\eqnshift@=\dimen151
\alignsep@=\dimen152
\tagshift@=\dimen153
\tagwidth@=\dimen154
\totwidth@=\dimen155
\lineht@=\dimen156
\@envbody=\toks19
\multlinegap=\skip56
\multlinetaggap=\skip57
\mathdisplay@stack=\toks20
LaTeX Info: Redefining \[ on input line 2665.
LaTeX Info: Redefining \] on input line 2666.
)
(/usr/share/texlive/texmf-dist/tex/latex/tools/bm.sty
Package: bm 2014/10/28 v1.1c Bold Symbol Support (DPC/FMi)
\symboldoperators=\mathgroup6
\symboldletters=\mathgroup7
\symboldsymbols=\mathgroup8
LaTeX Font Info:    Redeclaring math alphabet \mathbf on input line 137.
LaTeX Info: Redefining \bm on input line 203.
)
(/usr/share/texlive/texmf-dist/tex/latex/caption/subcaption.sty
Package: subcaption 2013/02/03 v1.1-62 Sub-captions (AR)

(/usr/share/texlive/texmf-dist/tex/latex/caption/caption.sty
Package: caption 2013/05/02 v3.3-89 Customizing captions (AR)

(/usr/share/texlive/texmf-dist/tex/latex/caption/caption3.sty
Package: caption3 2013/05/02 v1.6-88 caption3 kernel (AR)
Package caption3 Info: TeX engine: e-TeX on input line 57.
\captionmargin=\dimen157
\captionmargin@=\dimen158
\captionwidth=\dimen159
\caption@tempdima=\dimen160
\caption@indent=\dimen161
\caption@parindent=\dimen162
\caption@hangindent=\dimen163
)
\c@ContinuedFloat=\count145
)
\c@subfigure=\count146
\c@subtable=\count147
)
(/usr/share/texlive/texmf-dist/tex/latex/cancel/cancel.sty
Package: cancel 2013/04/12 v2.2 Cancel math terms
)
(/usr/share/texlive/texmf-dist/tex/latex/graphics/graphicx.sty
Package: graphicx 2014/04/25 v1.0g Enhanced LaTeX Graphics (DPC,SPQR)

(/usr/share/texlive/texmf-dist/tex/latex/graphics/graphics.sty
Package: graphics 2009/02/05 v1.0o Standard LaTeX Graphics (DPC,SPQR)

(/usr/share/texlive/texmf-dist/tex/latex/graphics/trig.sty
Package: trig 1999/03/16 v1.09 sin cos tan (DPC)
)
(/usr/share/texlive/texmf-dist/tex/latex/latexconfig/graphics.cfg
File: graphics.cfg 2010/04/23 v1.9 graphics configuration of TeX Live
)
Package graphics Info: Driver file: pdftex.def on input line 91.

(/usr/share/texlive/texmf-dist/tex/latex/pdftex-def/pdftex.def
File: pdftex.def 2011/05/27 v0.06d Graphics/color for pdfTeX

(/usr/share/texlive/texmf-dist/tex/generic/oberdiek/infwarerr.sty
Package: infwarerr 2010/04/08 v1.3 Providing info/warning/error messages (HO)
)
(/usr/share/texlive/texmf-dist/tex/generic/oberdiek/ltxcmds.sty
Package: ltxcmds 2011/11/09 v1.22 LaTeX kernel commands for general use (HO)
)
\Gread@gobject=\count148
))
\Gin@req@height=\dimen164
\Gin@req@width=\dimen165
)
(/usr/share/texlive/texmf-dist/tex/latex/was/gensymb.sty
Package: gensymb 2003/07/02 v1.0 (WaS)
)
(/usr/share/texlive/texmf-dist/tex/latex/mdframed/mdframed.sty
Package: mdframed 2013/07/01 1.9b: mdframed

(/usr/share/texlive/texmf-dist/tex/latex/oberdiek/kvoptions.sty
Package: kvoptions 2011/06/30 v3.11 Key value format for package options (HO)

(/usr/share/texlive/texmf-dist/tex/generic/oberdiek/kvsetkeys.sty
Package: kvsetkeys 2012/04/25 v1.16 Key value parser (HO)

(/usr/share/texlive/texmf-dist/tex/generic/oberdiek/etexcmds.sty
Package: etexcmds 2011/02/16 v1.5 Avoid name clashes with e-TeX commands (HO)

(/usr/share/texlive/texmf-dist/tex/generic/oberdiek/ifluatex.sty
Package: ifluatex 2010/03/01 v1.3 Provides the ifluatex switch (HO)
Package ifluatex Info: LuaTeX not detected.
)
Package etexcmds Info: Could not find \expanded.
(etexcmds)             That can mean that you are not using pdfTeX 1.50 or
(etexcmds)             that some package has redefined \expanded.
(etexcmds)             In the latter case, load this package earlier.
)))
(/usr/share/texlive/texmf-dist/tex/latex/etoolbox/etoolbox.sty
Package: etoolbox 2011/01/03 v2.1 e-TeX tools for LaTeX
\etb@tempcnta=\count149
)
(/usr/share/texlive/texmf-dist/tex/latex/oberdiek/zref-abspage.sty
Package: zref-abspage 2012/04/04 v2.24 Module abspage for zref (HO)

(/usr/share/texlive/texmf-dist/tex/latex/oberdiek/zref-base.sty
Package: zref-base 2012/04/04 v2.24 Module base for zref (HO)

(/usr/share/texlive/texmf-dist/tex/generic/oberdiek/kvdefinekeys.sty
Package: kvdefinekeys 2011/04/07 v1.3 Define keys (HO)
)
(/usr/share/texlive/texmf-dist/tex/generic/oberdiek/pdftexcmds.sty
Package: pdftexcmds 2011/11/29 v0.20 Utility functions of pdfTeX for LuaTeX (HO
)

(/usr/share/texlive/texmf-dist/tex/generic/oberdiek/ifpdf.sty
Package: ifpdf 2011/01/30 v2.3 Provides the ifpdf switch (HO)
Package ifpdf Info: pdfTeX in PDF mode is detected.
)
Package pdftexcmds Info: LuaTeX not detected.
Package pdftexcmds Info: \pdf@primitive is available.
Package pdftexcmds Info: \pdf@ifprimitive is available.
Package pdftexcmds Info: \pdfdraftmode found.
)
(/usr/share/texlive/texmf-dist/tex/latex/oberdiek/auxhook.sty
Package: auxhook 2011/03/04 v1.3 Hooks for auxiliary files (HO)
)
Package zref Info: New property list: main on input line 759.
Package zref Info: New property: default on input line 760.
Package zref Info: New property: page on input line 761.
)
(/usr/share/texlive/texmf-dist/tex/generic/oberdiek/atbegshi.sty
Package: atbegshi 2011/10/05 v1.16 At begin shipout hook (HO)
)
\c@abspage=\count150
Package zref Info: New property: abspage on input line 62.
)
(/usr/share/texlive/texmf-dist/tex/latex/needspace/needspace.sty
Package: needspace 2010/09/12 v1.3d reserve vertical space
)
(/usr/share/texlive/texmf-dist/tex/latex/graphics/color.sty
Package: color 2014/04/23 v1.1a Standard LaTeX Color (DPC)

(/usr/share/texlive/texmf-dist/tex/latex/latexconfig/color.cfg
File: color.cfg 2007/01/18 v1.5 color configuration of teTeX/TeXLive
)
Package color Info: Driver file: pdftex.def on input line 137.
)
\mdf@templength=\skip58
\c@mdf@globalstyle@cnt=\count151
\mdf@skipabove@length=\skip59
\mdf@skipbelow@length=\skip60
\mdf@leftmargin@length=\skip61
\mdf@rightmargin@length=\skip62
\mdf@innerleftmargin@length=\skip63
\mdf@innerrightmargin@length=\skip64
\mdf@innertopmargin@length=\skip65
\mdf@innerbottommargin@length=\skip66
\mdf@splittopskip@length=\skip67
\mdf@splitbottomskip@length=\skip68
\mdf@outermargin@length=\skip69
\mdf@innermargin@length=\skip70
\mdf@linewidth@length=\skip71
\mdf@innerlinewidth@length=\skip72
\mdf@middlelinewidth@length=\skip73
\mdf@outerlinewidth@length=\skip74
\mdf@roundcorner@length=\skip75
\mdf@footenotedistance@length=\skip76
\mdf@userdefinedwidth@length=\skip77
\mdf@needspace@length=\skip78
\mdf@frametitleaboveskip@length=\skip79
\mdf@frametitlebelowskip@length=\skip80
\mdf@frametitlerulewidth@length=\skip81
\mdf@frametitleleftmargin@length=\skip82
\mdf@frametitlerightmargin@length=\skip83
\mdf@shadowsize@length=\skip84
\mdf@extratopheight@length=\skip85
\mdf@subtitleabovelinewidth@length=\skip86
\mdf@subtitlebelowlinewidth@length=\skip87
\mdf@subtitleaboveskip@length=\skip88
\mdf@subtitlebelowskip@length=\skip89
\mdf@subtitleinneraboveskip@length=\skip90
\mdf@subtitleinnerbelowskip@length=\skip91
\mdf@subsubtitleabovelinewidth@length=\skip92
\mdf@subsubtitlebelowlinewidth@length=\skip93
\mdf@subsubtitleaboveskip@length=\skip94
\mdf@subsubtitlebelowskip@length=\skip95
\mdf@subsubtitleinneraboveskip@length=\skip96
\mdf@subsubtitleinnerbelowskip@length=\skip97

(/usr/share/texlive/texmf-dist/tex/latex/mdframed/md-frame-0.mdf
File: md-frame-0.mdf 2013/07/01\ 1.9b: md-frame-0
)
\mdf@frametitlebox=\box50
\mdf@footnotebox=\box51
\mdf@splitbox@one=\box52
\mdf@splitbox@two=\box53
\mdf@splitbox@save=\box54
\mdfsplitboxwidth=\skip98
\mdfsplitboxtotalwidth=\skip99
\mdfsplitboxheight=\skip100
\mdfsplitboxdepth=\skip101
\mdfsplitboxtotalheight=\skip102
\mdfframetitleboxwidth=\skip103
\mdfframetitleboxtotalwidth=\skip104
\mdfframetitleboxheight=\skip105
\mdfframetitleboxdepth=\skip106
\mdfframetitleboxtotalheight=\skip107
\mdffootnoteboxwidth=\skip108
\mdffootnoteboxtotalwidth=\skip109
\mdffootnoteboxheight=\skip110
\mdffootnoteboxdepth=\skip111
\mdffootnoteboxtotalheight=\skip112
\mdftotallinewidth=\skip113
\mdfboundingboxwidth=\skip114
\mdfboundingboxtotalwidth=\skip115
\mdfboundingboxheight=\skip116
\mdfboundingboxdepth=\skip117
\mdfboundingboxtotalheight=\skip118
\mdf@freevspace@length=\skip119
\mdf@horizontalwidthofbox@length=\skip120
\mdf@verticalmarginwhole@length=\skip121
\mdf@horizontalspaceofbox=\skip122
\mdfsubtitleheight=\skip123
\mdfsubsubtitleheight=\skip124
\c@mdfcountframes=\count152

****** mdframed patching \endmdf@trivlist

****** -- success******

.................................................
. LaTeX info: "xparse/define-command"
. 
. Defining command \newmdtheoremenv with sig. 'O{} m o m o ' on line 601.
.................................................
.................................................
. LaTeX info: "xparse/define-command"
. 
. Defining command \mdtheorem with sig. ' O{} m o m o ' on line 701.
.................................................
\mdf@envdepth=\count153
\c@mdf@env@i=\count154
\c@mdf@env@ii=\count155
\c@mdf@zref@counter=\count156
Package zref Info: New property: mdf@pagevalue on input line 895.
)
(./Day5Notes.aux)
\openout1 = `Day5Notes.aux'.

LaTeX Font Info:    Checking defaults for OML/cmm/m/it on input line 26.
LaTeX Font Info:    ... okay on input line 26.
LaTeX Font Info:    Checking defaults for T1/cmr/m/n on input line 26.
LaTeX Font Info:    ... okay on input line 26.
LaTeX Font Info:    Checking defaults for OT1/cmr/m/n on input line 26.
LaTeX Font Info:    ... okay on input line 26.
LaTeX Font Info:    Checking defaults for OMS/cmsy/m/n on input line 26.
LaTeX Font Info:    ... okay on input line 26.
LaTeX Font Info:    Checking defaults for OMX/cmex/m/n on input line 26.
LaTeX Font Info:    ... okay on input line 26.
LaTeX Font Info:    Checking defaults for U/cmr/m/n on input line 26.
LaTeX Font Info:    ... okay on input line 26.

(/usr/share/texlive/texmf-dist/tex/latex/beamer/translator/dicts/translator-bas
ic-dictionary/translator-basic-dictionary-English.dict
Dictionary: translator-basic-dictionary, Language: English 
)
(/usr/share/texlive/texmf-dist/tex/latex/siunitx/siunitx-abbreviations.cfg
File: siunitx-abbreviations.cfg 2014/10/01 v2.6c siunitx: Abbreviated units
)
Package caption Info: Begin \AtBeginDocument code.
Package caption Info: End \AtBeginDocument code.

(/usr/share/texlive/texmf-dist/tex/context/base/supp-pdf.mkii
[Loading MPS to PDF converter (version 2006.09.02).]
\scratchcounter=\count157
\scratchdimen=\dimen166
\scratchbox=\box55
\nofMPsegments=\count158
\nofMParguments=\count159
\everyMPshowfont=\toks21
\MPscratchCnt=\count160
\MPscratchDim=\dimen167
\MPnumerator=\count161
\makeMPintoPDFobject=\count162
\everyMPtoPDFconversion=\toks22
) (/usr/share/texlive/texmf-dist/tex/latex/oberdiek/epstopdf-base.sty
Package: epstopdf-base 2010/02/09 v2.5 Base part for package epstopdf

(/usr/share/texlive/texmf-dist/tex/latex/oberdiek/grfext.sty
Package: grfext 2010/08/19 v1.1 Manage graphics extensions (HO)
)
Package grfext Info: Graphics extension search list:
(grfext)             [.png,.pdf,.jpg,.mps,.jpeg,.jbig2,.jb2,.PNG,.PDF,.JPG,.JPE
G,.JBIG2,.JB2,.eps]
(grfext)             \AppendGraphicsExtensions on input line 452.

(/usr/share/texlive/texmf-dist/tex/latex/latexconfig/epstopdf-sys.cfg
File: epstopdf-sys.cfg 2010/07/13 v1.3 Configuration of (r)epstopdf for TeX Liv
e
))
LaTeX Info: Redefining \celsius on input line 26.
Package gensymb Info: Faking symbols for \degree and \celsius on input line 26.



Package gensymb Warning: Not defining \perthousand.

LaTeX Info: Redefining \ohm on input line 26.
Package gensymb Info: Using \Omega for \ohm on input line 26.

Package gensymb Warning: Not defining \micro.

\AtBeginShipoutBox=\box56
\c__siunitx_mathsf_int=\count163
LaTeX Font Info:    Try loading font information for U+msa on input line 26.
(/usr/share/texlive/texmf-dist/tex/latex/amsfonts/umsa.fd
File: umsa.fd 2013/01/14 v3.01 AMS symbols A
)
LaTeX Font Info:    Try loading font information for U+msb on input line 26.

(/usr/share/texlive/texmf-dist/tex/latex/amsfonts/umsb.fd
File: umsb.fd 2013/01/14 v3.01 AMS symbols B
)
\c__siunitx_mathtt_int=\count164

<Day5NotesPics/sphere.png, id=1, 115.43124pt x 91.34125pt>
File: Day5NotesPics/sphere.png Graphic file (type png)

<use Day5NotesPics/sphere.png>
Package pdftex.def Info: Day5NotesPics/sphere.png used on input line 52.
(pdftex.def)             Requested size: 75.82378pt x 60.0pt.
 [1

{/var/lib/texmf/fonts/map/pdftex/updmap/pdftex.map} <./Day5NotesPics/sphere.png
>]
<Day5NotesPics/cylinder.png, id=19, 141.52875pt x 189.70876pt>
File: Day5NotesPics/cylinder.png Graphic file (type png)

<use Day5NotesPics/cylinder.png>
Package pdftex.def Info: Day5NotesPics/cylinder.png used on input line 71.
(pdftex.def)             Requested size: 59.68353pt x 80.0pt.

<Day5NotesPics/tangentCircle.png, id=20, 326.21875pt x 188.705pt>
File: Day5NotesPics/tangentCircle.png Graphic file (type png)

<use Day5NotesPics/tangentCircle.png>
Package pdftex.def Info: Day5NotesPics/tangentCircle.png used on input line 83.

(pdftex.def)             Requested size: 172.87021pt x 100.0pt.

Underfull \hbox (badness 10000) in paragraph at lines 87--93

 []

[2 <./Day5NotesPics/cylinder.png> <./Day5NotesPics/tangentCircle.png>]
Underfull \hbox (badness 10000) in paragraph at lines 93--94

 []


Underfull \hbox (badness 10000) in paragraph at lines 93--94

 []

<Day5NotesPics/vibratingBar.png, id=25, 463.7325pt x 171.64125pt>
File: Day5NotesPics/vibratingBar.png Graphic file (type png)

<use Day5NotesPics/vibratingBar.png>
Package pdftex.def Info: Day5NotesPics/vibratingBar.png used on input line 112.

(pdftex.def)             Requested size: 162.10359pt x 60.0pt.

<Day5NotesPics/zetaSurface.png, id=26, 306.14375pt x 246.9225pt>
File: Day5NotesPics/zetaSurface.png Graphic file (type png)

<use Day5NotesPics/zetaSurface.png>
Package pdftex.def Info: Day5NotesPics/zetaSurface.png used on input line 118.
(pdftex.def)             Requested size: 123.98286pt x 100.0pt.


LaTeX Warning: `h' float specifier changed to `ht'.

[3 <./Day5NotesPics/vibratingBar.png>]
<Day5NotesPics/p1p2.png, id=32, 398.48875pt x 221.82875pt>
File: Day5NotesPics/p1p2.png Graphic file (type png)

<use Day5NotesPics/p1p2.png>
Package pdftex.def Info: Day5NotesPics/p1p2.png used on input line 161.
(pdftex.def)             Requested size: 179.63446pt x 100.0pt.


LaTeX Warning: `h' float specifier changed to `ht'.

[4 <./Day5NotesPics/zetaSurface.png>]
<Day5NotesPics/aodomain.png, id=36, 143.53625pt x 155.58125pt>
File: Day5NotesPics/aodomain.png Graphic file (type png)

<use Day5NotesPics/aodomain.png>
Package pdftex.def Info: Day5NotesPics/aodomain.png used on input line 185.
(pdftex.def)             Requested size: 73.80699pt x 80.0pt.

Underfull \hbox (badness 10000) in paragraph at lines 195--197

 []


Underfull \hbox (badness 10000) in paragraph at lines 197--198

 []


Underfull \hbox (badness 10000) in paragraph at lines 197--198

 []

[5 <./Day5NotesPics/p1p2.png> <./Day5NotesPics/aodomain.png>]
Underfull \hbox (badness 10000) in paragraph at lines 199--201

 []


Underfull \hbox (badness 10000) in paragraph at lines 199--201

 []


Underfull \hbox (badness 10000) in paragraph at lines 199--201

 []

[6] <Day5NotesPics/ADSA.png, id=43, 642.4pt x 401.5pt>
File: Day5NotesPics/ADSA.png Graphic file (type png)

<use Day5NotesPics/ADSA.png>
Package pdftex.def Info: Day5NotesPics/ADSA.png used on input line 262.
(pdftex.def)             Requested size: 160.00166pt x 100.0pt.
LaTeX Font Info:    Try loading font information for OMS+cmr on input line 271.


(/usr/share/texlive/texmf-dist/tex/latex/base/omscmr.fd
File: omscmr.fd 2014/09/29 v2.5h Standard LaTeX font definitions
)
LaTeX Font Info:    Font shape `OMS/cmr/m/n' in size <10> not available
(Font)              Font shape `OMS/cmsy/m/n' tried instead on input line 271.
 [7 <./Day5NotesPics/ADSA.png (PNG copy)>] [8] (./Day5Notes.aux) ) 
Here is how much of TeX's memory you used:
 13167 strings out of 493105
 270461 string characters out of 6137072
 296038 words of memory out of 5000000
 16474 multiletter control sequences out of 15000+600000
 21930 words of font info for 83 fonts, out of 8000000 for 9000
 1141 hyphenation exceptions out of 8191
 42i,15n,40p,10396b,949s stack positions out of 5000i,500n,10000p,200000b,80000s
</usr/share/t
exlive/texmf-dist/fonts/type1/public/amsfonts/cm/cmbx12.pfb></usr/share/texlive
/texmf-dist/fonts/type1/public/amsfonts/cm/cmbxti10.pfb></usr/share/texlive/tex
mf-dist/fonts/type1/public/amsfonts/cm/cmex10.pfb></usr/share/texlive/texmf-dis
t/fonts/type1/public/amsfonts/cm/cmmi10.pfb></usr/share/texlive/texmf-dist/font
s/type1/public/amsfonts/cm/cmmi12.pfb></usr/share/texlive/texmf-dist/fonts/type
1/public/amsfonts/cm/cmmi7.pfb></usr/share/texlive/texmf-dist/fonts/type1/publi
c/amsfonts/cm/cmmib10.pfb></usr/share/texlive/texmf-dist/fonts/type1/public/ams
fonts/cm/cmr10.pfb></usr/share/texlive/texmf-dist/fonts/type1/public/amsfonts/c
m/cmr12.pfb></usr/share/texlive/texmf-dist/fonts/type1/public/amsfonts/cm/cmr17
.pfb></usr/share/texlive/texmf-dist/fonts/type1/public/amsfonts/cm/cmr5.pfb></u
sr/share/texlive/texmf-dist/fonts/type1/public/amsfonts/cm/cmr7.pfb></usr/share
/texlive/texmf-dist/fonts/type1/public/amsfonts/cm/cmsy10.pfb></usr/share/texli
ve/texmf-dist/fonts/type1/public/amsfonts/cm/cmsy7.pfb></usr/share/texlive/texm
f-dist/fonts/type1/public/amsfonts/latxfont/line10.pfb>
Output written on Day5Notes.pdf (8 pages, 193142 bytes).
PDF statistics:
 99 PDF objects out of 1000 (max. 8388607)
 65 compressed objects within 1 object stream
 0 named destinations out of 1000 (max. 500000)
 41 words of extra memory for PDF output out of 10000 (max. 10000000)

